* using log directory ‘/mnt/c/Users/Matze/Documents/GitHub/rctbayespower/..Rcheck’
* using R version 4.5.0 (2025-04-11)
* using platform: x86_64-pc-linux-gnu
* R was compiled by
    gcc (Ubuntu 13.3.0-6ubuntu2~24.04) 13.3.0
    GNU Fortran (Ubuntu 13.3.0-6ubuntu2~24.04) 13.3.0
* running under: Ubuntu 24.04.2 LTS
* using session charset: UTF-8
* using options ‘--no-manual --as-cran’
* checking for file ‘./DESCRIPTION’ ... OK
* this is package ‘rctbayespower’ version ‘0.1.0’
* package encoding: UTF-8
* checking CRAN incoming feasibility ... NOTE
Maintainer: ‘Matthias Kloft <kloft.dev+rctbayespower@gmail.com>’

New submission

Found the following (possibly) invalid URLs:
  URL: https://matthiaskloft.github.io/rctbayespower/
    From: DESCRIPTION
          man/rctbayespower-package.Rd
    Status: 404
    Message: Not Found

The build time stamp is missing.
* checking package namespace information ... OK
* checking package dependencies ... ERROR
Package required but not available: ‘progressr’

Package suggested but not available: ‘covr’

